[35m[Appium][39m Welcome to Appium v1.22.3
[35m[Appium][39m Non-default server args:
[35m[Appium][39m   port: 58766
[35m[Appium][39m   loglevel: info
[35m[Appium][39m   tmpDir: C:\Users\AVOWS\AppData\Local\Temp\\Katalon\Appium\Temp1655097066280
[35m[Appium][39m   chromedriverPort: 58767
[35m[Appium][39m Deprecated server args:
[35m[Appium][39m   [31m--chromedriver-port[39m => --default-capabilities
[35m[Appium][39m Default capabilities, which will be added to each request unless overridden by desired capabilities:
[35m[Appium][39m   chromedriverPort: 58767
[35m[Appium][39m Appium REST http interface listener started on 0.0.0.0:58766
[35m[HTTP][39m [37m-->[39m [37mGET[39m [37m/wd/hub/status[39m
[35m[HTTP][39m [90m{}[39m
[35m[HTTP][39m [37m<-- GET /wd/hub/status [39m[32m200[39m [90m5 ms - 68[39m
[35m[HTTP][39m [90m[39m
[35m[HTTP][39m [37m-->[39m [37mGET[39m [37m/wd/hub/status[39m
[35m[HTTP][39m [90m{}[39m
[35m[HTTP][39m [37m<-- GET /wd/hub/status [39m[32m200[39m [90m1 ms - 68[39m
[35m[HTTP][39m [90m[39m
[35m[HTTP][39m [37m-->[39m [37mPOST[39m [37m/wd/hub/session[39m
[35m[HTTP][39m [90m{"desiredCapabilities":{"app":"C:\\Users\\AVOWS\\Downloads\\Raya2.0-DEV-v2.0.0(76).apk","noReset":true,"deviceName":"vivo V2025 (Android 12)","fullReset":false,"platform":"ANDROID","newCommandTimeout":1800,"platformVersion":"12","automationName":"uiautomator2","autoGrantPermissions":true,"platformName":"Android","udid":"1e1fc86d","systemPort":58771},"capabilities":{"firstMatch":[{"appium:app":"C:\\Users\\AVOWS\\Downloads\\Raya2.0-DEV-v2.0.0(76).apk","appium:autoGrantPermissions":true,"appium:automationName":"uiautomator2","appium:deviceName":"vivo V2025 (Android 12)","appium:fullReset":false,"appium:newCommandTimeout":1800,"appium:noReset":true,"platform":"ANDROID","platformName":"android","appium:platformVersion":"12","appium:systemPort":58771,"appium:udid":"1e1fc86d"}]}}[39m
[35m[BaseDriver][39m The following capabilities are not standard capabilities and should have an extension prefix:
[35m[BaseDriver][39m   platform
[35m[BaseDriver][39m   chromedriverPort
[35m[Appium][39m Appium v1.22.3 creating new AndroidUiautomator2Driver (v1.70.1) session
[35m[BaseDriver][39m The following capabilities were provided, but are not recognized by Appium:
[35m[BaseDriver][39m   platform
[35m[BaseDriver][39m Session created with session id: b431781e-794b-401a-8cfb-6ee2602e8d73
[35m[BaseDriver][39m Using local app 'C:\Users\AVOWS\Downloads\Raya2.0-DEV-v2.0.0(76).apk'
[35m[ADB][39m Found 1 'build-tools' folders under 'C:\Users\AVOWS\.katalon\tools\android_sdk' (newest first):
[35m[ADB][39m     C:/Users/AVOWS/.katalon/tools/android_sdk/build-tools/29.0.3
[35m[ADB][39m Using 'adb.exe' from 'C:\Users\AVOWS\.katalon\tools\android_sdk\platform-tools\adb.exe'
[35m[AndroidDriver][39m Retrieving device list
[35m[AndroidDriver][39m Using device: 1e1fc86d
[35m[ADB][39m Using 'adb.exe' from 'C:\Users\AVOWS\.katalon\tools\android_sdk\platform-tools\adb.exe'
[35m[ADB][39m Getting device platform version
[35m[UiAutomator2][39m Relaxing hidden api policy
[35m[ADB][39m Package name: 'id.co.bankraya.apps.dev'
[35m[ADB][39m Main activity name: 'id.co.bankraya.apps.MainActivity'
[35m[ADB][39m Using 'apksigner.jar' from 'C:\Users\AVOWS\.katalon\tools\android_sdk\build-tools\29.0.3\lib\apksigner.jar'
[35m[ADB][39m 'C:\Users\AVOWS\AppData\Roaming\npm\node_modules\appium\node_modules\appium-uiautomator2-server\apks\appium-uiautomator2-server-v4.27.0.apk' is signed with the default certificate
[35m[ADB][39m 'C:\Users\AVOWS\AppData\Roaming\npm\node_modules\appium\node_modules\appium-uiautomator2-server\apks\appium-uiautomator2-server-debug-androidTest.apk' is signed with the default certificate
[35m[UiAutomator2][39m Server packages are not going to be (re)installed
[35m[ADB][39m Adding packages ["io.appium.settings","io.appium.uiautomator2.server","io.appium.uiautomator2.server.test"] to Doze whitelist
[35m[ADB][39m 'C:\Users\AVOWS\Downloads\Raya2.0-DEV-v2.0.0(76).apk' is signed with a non-default certificate
[35m[ADB][39m The application at 'C:\Users\AVOWS\Downloads\Raya2.0-DEV-v2.0.0(76).apk' will not be cached, because the device under test has confirmed the support of streamed installs
[35m[ADB][39m The installation of 'Raya2.0-DEV-v2.0.0(76).apk' took 6257ms
[35m[UiAutomator2][39m Starting UIAutomator2 server 4.27.0
[35m[UiAutomator2][39m Using UIAutomator2 server from 'C:\Users\AVOWS\AppData\Roaming\npm\node_modules\appium\node_modules\appium-uiautomator2-server\apks\appium-uiautomator2-server-v4.27.0.apk' and test from 'C:\Users\AVOWS\AppData\Roaming\npm\node_modules\appium\node_modules\appium-uiautomator2-server\apks\appium-uiautomator2-server-debug-androidTest.apk'
[35m[UiAutomator2][39m Waiting up to 30000ms for UiAutomator2 to be online...
[35m[WD Proxy][39m socket hang up
[35m[WD Proxy][39m socket hang up
[35m[WD Proxy][39m socket hang up
[35m[WD Proxy][39m socket hang up
[35m[WD Proxy][39m socket hang up
[35m[WD Proxy][39m socket hang up
[35m[WD Proxy][39m Determined the downstream protocol as 'W3C'
[35m[AndroidDriver][39m Screen already unlocked, doing nothing
[35m[UiAutomator2][39m Starting 'id.co.bankraya.apps.dev/id.co.bankraya.apps.MainActivity and waiting for 'id.co.bankraya.apps.dev/id.co.bankraya.apps.MainActivity'
[35m[ADB][39m Error sending command, reconnecting device and retrying: shell,dumpsys,window,displays
[35m[UiAutomator2][39m Did not get confirmation UiAutomator2 deleteSession worked; Error was: UnknownError: An unknown server-side error occurred while processing the command. Original error: 'DELETE /' cannot be proxied to UiAutomator2 server because the instrumentation process is not running (probably crashed). Check the server log and/or the logcat output for more details
[35m[ADB][39m Error sending command, reconnecting device and retrying: shell,am,force-stop,id.co.bankraya.apps.dev
[35m[UiAutomator2][39m Unable to force stop app: Could not find a connected Android device in 20061ms.
[35m[ADB][39m Error sending command, reconnecting device and retrying: forward,--remove,tcp:58771
[35m[UiAutomator2][39m Unable to remove system port forward: Could not find a connected Android device in 20037ms.
[35m[UiAutomator2][39m Restoring hidden api policy to the device default configuration
[35m[ADB][39m Error sending command, reconnecting device and retrying: shell,settings delete global hidden_api_policy_pre_p_apps;settings delete global hidden_api_policy_p_apps;settings delete global hidden_api_policy
[35m[HTTP][39m [37m<-- POST /wd/hub/session [39m[31m500[39m [90m111840 ms - 667[39m
[35m[HTTP][39m [90m[39m
